<?xml version="1.0" encoding="UTF-8"?>
<!-- Generated by org.testng.reporters.JUnitXMLReporter -->
<testsuite ignored="0" hostname="DESKTOP-CE5N40J" failures="1" tests="2" name="Test" time="29.959" errors="0" timestamp="2025-11-08T20:22:41 IST">
  <testcase classname="testCases.TC002_LoginTest" name="verify_Login" time="12.756">
    <failure type="java.lang.AssertionError" message="Login Failed expected [true] but found [false]">
      <![CDATA[java.lang.AssertionError: Login Failed expected [true] but found [false]
at testCases.TC002_LoginTest.verify_Login(TC002_LoginTest.java:37)
at java.base/java.util.ArrayList.forEach(ArrayList.java:1596)
... Removed 31 stack frames]]>
    </failure>
  </testcase> <!-- verify_Login -->
  <testcase classname="testCases.TC001_AccountRegTest" name="verify_reg" time="4.206"/>
</testsuite> <!-- Test -->
