<?xml version="1.0" encoding="UTF-8"?>
<testng-results ignored="0" total="2" passed="2" failed="0" skipped="0">
  <reporter-output>
  </reporter-output>
  <suite started-at="2025-11-12T19:44:04 IST" name="Master Suite" finished-at="2025-11-12T19:44:31 IST" duration-ms="26906">
    <groups>
      <group name="regression">
        <method signature="TC001_AccountRegTest.verify_reg()[pri:0, instance:testCases.TC001_AccountRegTest@2609b277]" name="verify_reg" class="testCases.TC001_AccountRegTest"/>
      </group> <!-- regression -->
      <group name="sanity">
        <method signature="TC002_LoginTest.verify_Login()[pri:0, instance:testCases.TC002_LoginTest@3eb81efb]" name="verify_Login" class="testCases.TC002_LoginTest"/>
      </group> <!-- sanity -->
      <group name="master">
        <method signature="TC001_AccountRegTest.verify_reg()[pri:0, instance:testCases.TC001_AccountRegTest@2609b277]" name="verify_reg" class="testCases.TC001_AccountRegTest"/>
        <method signature="TC002_LoginTest.verify_Login()[pri:0, instance:testCases.TC002_LoginTest@3eb81efb]" name="verify_Login" class="testCases.TC002_LoginTest"/>
      </group> <!-- master -->
    </groups>
    <test started-at="2025-11-12T19:44:04 IST" name="Test" finished-at="2025-11-12T19:44:31 IST" duration-ms="26906">
      <class name="testCases.TC002_LoginTest">
        <test-method is-config="true" signature="setUp(java.lang.String,java.lang.String)[pri:0, instance:testCases.TC002_LoginTest@3eb81efb]" started-at="2025-11-12T19:44:22 IST" name="setUp" finished-at="2025-11-12T19:44:27 IST" duration-ms="5573" status="PASS">
          <params>
            <param index="0">
              <value>
                <![CDATA[windows]]>
              </value>
            </param>
            <param index="1">
              <value>
                <![CDATA[chrome]]>
              </value>
            </param>
          </params>
          <reporter-output>
          </reporter-output>
        </test-method> <!-- setUp -->
        <test-method signature="verify_Login()[pri:0, instance:testCases.TC002_LoginTest@3eb81efb]" started-at="2025-11-12T19:44:27 IST" name="verify_Login" finished-at="2025-11-12T19:44:30 IST" duration-ms="3032" status="PASS">
          <reporter-output>
          </reporter-output>
        </test-method> <!-- verify_Login -->
        <test-method is-config="true" signature="teardown()[pri:0, instance:testCases.TC002_LoginTest@3eb81efb]" started-at="2025-11-12T19:44:30 IST" name="teardown" finished-at="2025-11-12T19:44:31 IST" duration-ms="592" status="PASS">
          <reporter-output>
          </reporter-output>
        </test-method> <!-- teardown -->
      </class> <!-- testCases.TC002_LoginTest -->
      <class name="testCases.TC001_AccountRegTest">
        <test-method is-config="true" signature="setUp(java.lang.String,java.lang.String)[pri:0, instance:testCases.TC001_AccountRegTest@2609b277]" started-at="2025-11-12T19:44:05 IST" name="setUp" finished-at="2025-11-12T19:44:15 IST" duration-ms="10099" status="PASS">
          <params>
            <param index="0">
              <value>
                <![CDATA[windows]]>
              </value>
            </param>
            <param index="1">
              <value>
                <![CDATA[chrome]]>
              </value>
            </param>
          </params>
          <reporter-output>
          </reporter-output>
        </test-method> <!-- setUp -->
        <test-method signature="verify_reg()[pri:0, instance:testCases.TC001_AccountRegTest@2609b277]" started-at="2025-11-12T19:44:15 IST" name="verify_reg" finished-at="2025-11-12T19:44:21 IST" duration-ms="5825" status="PASS">
          <reporter-output>
          </reporter-output>
        </test-method> <!-- verify_reg -->
        <test-method is-config="true" signature="teardown()[pri:0, instance:testCases.TC001_AccountRegTest@2609b277]" started-at="2025-11-12T19:44:21 IST" name="teardown" finished-at="2025-11-12T19:44:22 IST" duration-ms="761" status="PASS">
          <reporter-output>
          </reporter-output>
        </test-method> <!-- teardown -->
      </class> <!-- testCases.TC001_AccountRegTest -->
    </test> <!-- Test -->
  </suite> <!-- Master Suite -->
</testng-results>
