<?xml version="1.0" encoding="UTF-8"?>
<testng-results ignored="0" total="4" passed="4" failed="0" skipped="0">
  <reporter-output>
  </reporter-output>
  <suite started-at="2025-11-12T14:37:24 IST" name="Grid Suite" finished-at="2025-11-12T14:40:56 IST" duration-ms="211190">
    <groups>
      <group name="regression">
        <method signature="TC001_AccountRegTest.verify_reg()[pri:0, instance:testCases.TC001_AccountRegTest@16ce702d]" name="verify_reg" class="testCases.TC001_AccountRegTest"/>
        <method signature="TC001_AccountRegTest.verify_reg()[pri:0, instance:testCases.TC001_AccountRegTest@1941a8ff]" name="verify_reg" class="testCases.TC001_AccountRegTest"/>
      </group> <!-- regression -->
      <group name="sanity">
        <method signature="TC002_LoginTest.verify_Login()[pri:0, instance:testCases.TC002_LoginTest@561868a0]" name="verify_Login" class="testCases.TC002_LoginTest"/>
        <method signature="TC002_LoginTest.verify_Login()[pri:0, instance:testCases.TC002_LoginTest@22d7b4f8]" name="verify_Login" class="testCases.TC002_LoginTest"/>
      </group> <!-- sanity -->
      <group name="master">
        <method signature="TC001_AccountRegTest.verify_reg()[pri:0, instance:testCases.TC001_AccountRegTest@16ce702d]" name="verify_reg" class="testCases.TC001_AccountRegTest"/>
        <method signature="TC002_LoginTest.verify_Login()[pri:0, instance:testCases.TC002_LoginTest@561868a0]" name="verify_Login" class="testCases.TC002_LoginTest"/>
        <method signature="TC001_AccountRegTest.verify_reg()[pri:0, instance:testCases.TC001_AccountRegTest@1941a8ff]" name="verify_reg" class="testCases.TC001_AccountRegTest"/>
        <method signature="TC002_LoginTest.verify_Login()[pri:0, instance:testCases.TC002_LoginTest@22d7b4f8]" name="verify_Login" class="testCases.TC002_LoginTest"/>
      </group> <!-- master -->
    </groups>
    <test started-at="2025-11-12T14:37:24 IST" name="Linux-Chrome" finished-at="2025-11-12T14:38:59 IST" duration-ms="94441">
      <class name="testCases.TC002_LoginTest">
        <test-method is-config="true" signature="setUp(java.lang.String,java.lang.String)[pri:0, instance:testCases.TC002_LoginTest@561868a0]" started-at="2025-11-12T14:38:22 IST" name="setUp" finished-at="2025-11-12T14:38:40 IST" duration-ms="17891" status="PASS">
          <params>
            <param index="0">
              <value>
                <![CDATA[Linux]]>
              </value>
            </param>
            <param index="1">
              <value>
                <![CDATA[chrome]]>
              </value>
            </param>
          </params>
          <reporter-output>
          </reporter-output>
        </test-method> <!-- setUp -->
        <test-method signature="verify_Login()[pri:0, instance:testCases.TC002_LoginTest@561868a0]" started-at="2025-11-12T14:38:40 IST" name="verify_Login" finished-at="2025-11-12T14:38:58 IST" duration-ms="18252" status="PASS">
          <reporter-output>
          </reporter-output>
        </test-method> <!-- verify_Login -->
        <test-method is-config="true" signature="teardown()[pri:0, instance:testCases.TC002_LoginTest@561868a0]" started-at="2025-11-12T14:38:58 IST" name="teardown" finished-at="2025-11-12T14:38:59 IST" duration-ms="949" status="PASS">
          <reporter-output>
          </reporter-output>
        </test-method> <!-- teardown -->
      </class> <!-- testCases.TC002_LoginTest -->
      <class name="testCases.TC001_AccountRegTest">
        <test-method is-config="true" signature="setUp(java.lang.String,java.lang.String)[pri:0, instance:testCases.TC001_AccountRegTest@16ce702d]" started-at="2025-11-12T14:37:26 IST" name="setUp" finished-at="2025-11-12T14:37:48 IST" duration-ms="22247" status="PASS">
          <params>
            <param index="0">
              <value>
                <![CDATA[Linux]]>
              </value>
            </param>
            <param index="1">
              <value>
                <![CDATA[chrome]]>
              </value>
            </param>
          </params>
          <reporter-output>
          </reporter-output>
        </test-method> <!-- setUp -->
        <test-method signature="verify_reg()[pri:0, instance:testCases.TC001_AccountRegTest@16ce702d]" started-at="2025-11-12T14:37:48 IST" name="verify_reg" finished-at="2025-11-12T14:38:19 IST" duration-ms="30679" status="PASS">
          <reporter-output>
          </reporter-output>
        </test-method> <!-- verify_reg -->
        <test-method is-config="true" signature="teardown()[pri:0, instance:testCases.TC001_AccountRegTest@16ce702d]" started-at="2025-11-12T14:38:20 IST" name="teardown" finished-at="2025-11-12T14:38:22 IST" duration-ms="2154" status="PASS">
          <reporter-output>
          </reporter-output>
        </test-method> <!-- teardown -->
      </class> <!-- testCases.TC001_AccountRegTest -->
    </test> <!-- Linux-Chrome -->
    <test started-at="2025-11-12T14:39:08 IST" name="Linux-FireFox" finished-at="2025-11-12T14:40:56 IST" duration-ms="107971">
      <class name="testCases.TC002_LoginTest">
        <test-method is-config="true" signature="setUp(java.lang.String,java.lang.String)[pri:0, instance:testCases.TC002_LoginTest@22d7b4f8]" started-at="2025-11-12T14:40:13 IST" name="setUp" finished-at="2025-11-12T14:40:40 IST" duration-ms="26578" status="PASS">
          <params>
            <param index="0">
              <value>
                <![CDATA[Linux]]>
              </value>
            </param>
            <param index="1">
              <value>
                <![CDATA[fireFox]]>
              </value>
            </param>
          </params>
          <reporter-output>
          </reporter-output>
        </test-method> <!-- setUp -->
        <test-method signature="verify_Login()[pri:0, instance:testCases.TC002_LoginTest@22d7b4f8]" started-at="2025-11-12T14:40:40 IST" name="verify_Login" finished-at="2025-11-12T14:40:50 IST" duration-ms="10258" status="PASS">
          <reporter-output>
          </reporter-output>
        </test-method> <!-- verify_Login -->
        <test-method is-config="true" signature="teardown()[pri:0, instance:testCases.TC002_LoginTest@22d7b4f8]" started-at="2025-11-12T14:40:50 IST" name="teardown" finished-at="2025-11-12T14:40:56 IST" duration-ms="5354" status="PASS">
          <reporter-output>
          </reporter-output>
        </test-method> <!-- teardown -->
      </class> <!-- testCases.TC002_LoginTest -->
      <class name="testCases.TC001_AccountRegTest">
        <test-method is-config="true" signature="setUp(java.lang.String,java.lang.String)[pri:0, instance:testCases.TC001_AccountRegTest@1941a8ff]" started-at="2025-11-12T14:39:08 IST" name="setUp" finished-at="2025-11-12T14:39:46 IST" duration-ms="37865" status="PASS">
          <params>
            <param index="0">
              <value>
                <![CDATA[Linux]]>
              </value>
            </param>
            <param index="1">
              <value>
                <![CDATA[fireFox]]>
              </value>
            </param>
          </params>
          <reporter-output>
          </reporter-output>
        </test-method> <!-- setUp -->
        <test-method signature="verify_reg()[pri:0, instance:testCases.TC001_AccountRegTest@1941a8ff]" started-at="2025-11-12T14:39:46 IST" name="verify_reg" finished-at="2025-11-12T14:40:08 IST" duration-ms="22754" status="PASS">
          <reporter-output>
          </reporter-output>
        </test-method> <!-- verify_reg -->
        <test-method is-config="true" signature="teardown()[pri:0, instance:testCases.TC001_AccountRegTest@1941a8ff]" started-at="2025-11-12T14:40:08 IST" name="teardown" finished-at="2025-11-12T14:40:13 IST" duration-ms="5105" status="PASS">
          <reporter-output>
          </reporter-output>
        </test-method> <!-- teardown -->
      </class> <!-- testCases.TC001_AccountRegTest -->
    </test> <!-- Linux-FireFox -->
  </suite> <!-- Grid Suite -->
</testng-results>
