<?xml version="1.0" encoding="UTF-8"?>
<!-- Generated by org.testng.reporters.JUnitReportReporter -->
<testsuite hostname="DESKTOP-CE5N40J" failures="0" tests="2" name="testCases.TC001_AccountRegTest" time="53.433" errors="0" timestamp="2025-11-12T14:40:58 IST" skipped="0">
  <testcase classname="testCases.TC001_AccountRegTest" name="verify_reg" time="30.679"/>
  <testcase classname="testCases.TC001_AccountRegTest" name="verify_reg" time="22.754"/>
</testsuite> <!-- testCases.TC001_AccountRegTest -->
